#
# There is insufficient memory for the Java Runtime Environment to continue.
# Native memory allocation (mmap) failed to map 536870912 bytes. Error detail: G1 virtual space
# Possible reasons:
#   The system is out of physical RAM or swap space
#   This process is running with CompressedOops enabled, and the Java Heap may be blocking the growth of the native heap
# Possible solutions:
#   Reduce memory load on the system
#   Increase physical memory or swap space
#   Check if swap backing store is full
#   Decrease Java heap size (-Xmx/-Xms)
#   Decrease number of Java threads
#   Decrease Java thread stack sizes (-Xss)
#   Set larger code cache with -XX:ReservedCodeCacheSize=
#   JVM is running with Zero Based Compressed Oops mode in which the Java heap is
#     placed in the first 32GB address space. The Java Heap base address is the
#     maximum limit for the native heap growth. Please use -XX:HeapBaseMinAddress
#     to set the Java Heap base and to place the Java Heap above 32GB virtual address.
# This output file may be truncated or incomplete.
#
#  Out of Memory Error (os_windows.cpp:3825), pid=22028, tid=22296
#
# JRE version:  (17.0.11+1) (build )
# Java VM: OpenJDK 64-Bit Server VM (17.0.11+1-b1207.24, mixed mode, sharing, tiered, compressed oops, compressed class ptrs, g1 gc, windows-amd64)
# No core dump will be written. Minidumps are not enabled by default on client versions of Windows
#

---------------  S U M M A R Y ------------

Command Line: externalApp.nativessh.NativeSshAskPassApp Enter passphrase for key '/home/qwerty/.ssh/id_rsa': 

Host: Intel(R) Core(TM) i7-9700K CPU @ 3.60GHz, 8 cores, 31G,  Windows 11 , 64 bit Build 22621 (10.0.22621.3672)
Time: Thu Jun 13 23:08:01 2024 RTZ 2 (s 11 , 64 bit Build 22621 (10.0.22621.3672) elapsed time: 0.048276 seconds (0d 0h 0m 0s)

---------------  T H R E A D  ---------------

Current thread (0x000001f2f765e560):  JavaThread "Unknown thread" [_thread_in_vm, id=22296, stack(0x000000ac0f100000,0x000000ac0f200000)]

Stack: [0x000000ac0f100000,0x000000ac0f200000]
Native frames: (J=compiled Java code, j=interpreted, Vv=VM code, C=native code)
V  [jvm.dll+0x6877f9]
V  [jvm.dll+0x8411aa]
V  [jvm.dll+0x842e2e]
V  [jvm.dll+0x843493]
V  [jvm.dll+0x249fdf]
V  [jvm.dll+0x6845c9]
V  [jvm.dll+0x678e7a]
V  [jvm.dll+0x30ab4b]
V  [jvm.dll+0x311ff6]
V  [jvm.dll+0x361a5e]
V  [jvm.dll+0x361c8f]
V  [jvm.dll+0x2e0978]
V  [jvm.dll+0x2e18e4]
V  [jvm.dll+0x811c71]
V  [jvm.dll+0x36f7c8]
V  [jvm.dll+0x7f05f6]
V  [jvm.dll+0x3f398f]
V  [jvm.dll+0x3f5541]
C  [jli.dll+0x528f]
C  [ucrtbase.dll+0x29333]
C  [KERNEL32.DLL+0x1257d]
C  [ntdll.dll+0x5af28]


---------------  P R O C E S S  ---------------

Threads class SMR info:
_java_thread_list=0x00007ff9b1c5efd8, length=0, elements={
}

Java Threads: ( => current thread )

Other Threads:
  0x000001f2f770b1a0 GCTaskThread "GC Thread#0" [stack: 0x000000ac0f200000,0x000000ac0f300000] [id=26760]
  0x000001f2fe120240 ConcurrentGCThread "G1 Main Marker" [stack: 0x000000ac0f300000,0x000000ac0f400000] [id=23176]
  0x000001f2fe120c60 ConcurrentGCThread "G1 Conc#0" [stack: 0x000000ac0f400000,0x000000ac0f500000] [id=21836]

[error occurred during error reporting (printing all threads), id 0xc0000005, EXCEPTION_ACCESS_VIOLATION (0xc0000005) at pc=0x00007ff9b1411547]

VM state: not at safepoint (not fully initialized)

VM Mutex/Monitor currently owned by a thread:  ([mutex/lock_event])
[0x000001f2f765bb50] Heap_lock - owner thread: 0x000001f2f765e560

Heap address: 0x0000000601400000, size: 8172 MB, Compressed Oops mode: Zero based, Oop shift amount: 3

CDS archive(s) mapped at: [0x0000000000000000-0x0000000000000000-0x0000000000000000), size 0, SharedBaseAddress: 0x0000000800000000, ArchiveRelocationMode: 1.
Narrow klass base: 0x0000000000000000, Narrow klass shift: 0, Narrow klass range: 0x0

GC Precious Log:
<Empty>

Heap:
 garbage-first heap   total 0K, used 0K [0x0000000601400000, 0x0000000800000000)
  region size 4096K, 0 young (0K), 0 survivors (0K)
 Metaspace       used 0K, committed 0K, reserved 0K
  class space    used 0K, committed 0K, reserved 0K

Heap Regions: E=young(eden), S=young(survivor), O=old, HS=humongous(starts), HC=humongous(continues), CS=collection set, F=free, OA=open archive, CA=closed archive, TAMS=top-at-mark-start (previous, next)

Card table byte_map: [0x000001f2fc110000,0x000001f2fd110000] _byte_map_base: 0x000001f2f9106000

Marking Bits (Prev, Next): (CMBitMap*) 0x000001f2f770b7c0, (CMBitMap*) 0x000001f2f770b800
 Prev Bits: [0x000001f28f000000, 0x000001f296fb0000)
 Next Bits: [0x000001f296fb0000, 0x000001f29ef60000)

GC Heap History (0 events):
No events

Dll operation events (1 events):
Event: 0.021 Loaded shared library C:\Program Files\JetBrains\PhpStorm 2023.1.4\jbr\bin\java.dll

Deoptimization events (0 events):
No events

Classes unloaded (0 events):
No events

Classes redefined (0 events):
No events

Internal exceptions (0 events):
No events

VM Operations (0 events):
No events

Events (0 events):
No events


Dynamic libraries:
0x00007ff651c50000 - 0x00007ff651c5a000 	C:\Program Files\JetBrains\PhpStorm 2023.1.4\jbr\bin\java.exe
0x00007ffa44250000 - 0x00007ffa44467000 	C:\Windows\SYSTEM32\ntdll.dll
0x00007ffa428c0000 - 0x00007ffa42984000 	C:\Windows\System32\KERNEL32.DLL
0x00007ffa41890000 - 0x00007ffa41c3c000 	C:\Windows\System32\KERNELBASE.dll
0x00007ffa41c70000 - 0x00007ffa41d81000 	C:\Windows\System32\ucrtbase.dll
0x00007ffa179a0000 - 0x00007ffa179b7000 	C:\Program Files\JetBrains\PhpStorm 2023.1.4\jbr\bin\jli.dll
0x00007ffa3dff0000 - 0x00007ffa3e00b000 	C:\Program Files\JetBrains\PhpStorm 2023.1.4\jbr\bin\VCRUNTIME140.dll
0x00007ffa424b0000 - 0x00007ffa4265e000 	C:\Windows\System32\USER32.dll
0x00007ffa41ea0000 - 0x00007ffa41ec6000 	C:\Windows\System32\win32u.dll
0x00007ffa31510000 - 0x00007ffa317a3000 	C:\Windows\WinSxS\amd64_microsoft.windows.common-controls_6595b64144ccf1df_6.0.22621.3672_none_2713b9d173822955\COMCTL32.dll
0x00007ffa43a30000 - 0x00007ffa43a59000 	C:\Windows\System32\GDI32.dll
0x00007ffa44140000 - 0x00007ffa441e7000 	C:\Windows\System32\msvcrt.dll
0x00007ffa41600000 - 0x00007ffa41719000 	C:\Windows\System32\gdi32full.dll
0x00007ffa41e00000 - 0x00007ffa41e9a000 	C:\Windows\System32\msvcp_win.dll
0x00007ffa43ed0000 - 0x00007ffa43f01000 	C:\Windows\System32\IMM32.DLL
0x00007ffa37670000 - 0x00007ffa3767c000 	C:\Program Files\JetBrains\PhpStorm 2023.1.4\jbr\bin\vcruntime140_1.dll
0x00007ffa25260000 - 0x00007ffa252ed000 	C:\Program Files\JetBrains\PhpStorm 2023.1.4\jbr\bin\msvcp140.dll
0x00007ff9b1120000 - 0x00007ff9b1da3000 	C:\Program Files\JetBrains\PhpStorm 2023.1.4\jbr\bin\server\jvm.dll
0x00007ffa423e0000 - 0x00007ffa42492000 	C:\Windows\System32\ADVAPI32.dll
0x00007ffa432b0000 - 0x00007ffa4335a000 	C:\Windows\System32\sechost.dll
0x00007ffa41c40000 - 0x00007ffa41c68000 	C:\Windows\System32\bcrypt.dll
0x00007ffa43f20000 - 0x00007ffa44035000 	C:\Windows\System32\RPCRT4.dll
0x00007ffa41290000 - 0x00007ffa412dd000 	C:\Windows\SYSTEM32\POWRPROF.dll
0x00007ffa36310000 - 0x00007ffa36344000 	C:\Windows\SYSTEM32\WINMM.dll
0x00007ffa2b410000 - 0x00007ffa2b419000 	C:\Windows\SYSTEM32\WSOCK32.dll
0x00007ffa39040000 - 0x00007ffa3904a000 	C:\Windows\SYSTEM32\VERSION.dll
0x00007ffa41f90000 - 0x00007ffa42001000 	C:\Windows\System32\WS2_32.dll
0x00007ffa41020000 - 0x00007ffa41033000 	C:\Windows\SYSTEM32\UMPDC.dll
0x00007ffa40570000 - 0x00007ffa40588000 	C:\Windows\SYSTEM32\kernel.appcore.dll
0x00007ffa24390000 - 0x00007ffa2439a000 	C:\Program Files\JetBrains\PhpStorm 2023.1.4\jbr\bin\jimage.dll
0x00007ffa38870000 - 0x00007ffa38aa2000 	C:\Windows\SYSTEM32\DBGHELP.DLL
0x00007ffa43b40000 - 0x00007ffa43ec8000 	C:\Windows\System32\combase.dll
0x00007ffa43950000 - 0x00007ffa43a27000 	C:\Windows\System32\OLEAUT32.dll
0x00007ffa386e0000 - 0x00007ffa38712000 	C:\Windows\SYSTEM32\dbgcore.DLL
0x00007ffa41580000 - 0x00007ffa415fb000 	C:\Windows\System32\bcryptPrimitives.dll
0x00007ffa176d0000 - 0x00007ffa176f5000 	C:\Program Files\JetBrains\PhpStorm 2023.1.4\jbr\bin\java.dll

dbghelp: loaded successfully - version: 4.0.5 - missing functions: none
symbol engine: initialized successfully - sym options: 0x614 - pdb path: .;C:\Program Files\JetBrains\PhpStorm 2023.1.4\jbr\bin;C:\Windows\SYSTEM32;C:\Windows\WinSxS\amd64_microsoft.windows.common-controls_6595b64144ccf1df_6.0.22621.3672_none_2713b9d173822955;C:\Program Files\JetBrains\PhpStorm 2023.1.4\jbr\bin\server

VM Arguments:
java_command: externalApp.nativessh.NativeSshAskPassApp Enter passphrase for key '/home/qwerty/.ssh/id_rsa': 
java_class_path (initial): C:/Program Files/JetBrains/PhpStorm 2023.1.4/lib/externalProcess-rt.jar
Launcher Type: SUN_STANDARD

[Global flags]
     intx CICompilerCount                          = 4                                         {product} {ergonomic}
     uint ConcGCThreads                            = 2                                         {product} {ergonomic}
     uint G1ConcRefinementThreads                  = 8                                         {product} {ergonomic}
   size_t G1HeapRegionSize                         = 4194304                                   {product} {ergonomic}
    uintx GCDrainStackTargetSize                   = 64                                        {product} {ergonomic}
   size_t InitialHeapSize                          = 536870912                                 {product} {ergonomic}
   size_t MarkStackSize                            = 4194304                                   {product} {ergonomic}
   size_t MaxHeapSize                              = 8568963072                                {product} {ergonomic}
   size_t MinHeapDeltaBytes                        = 4194304                                   {product} {ergonomic}
   size_t MinHeapSize                              = 8388608                                   {product} {ergonomic}
    uintx NonNMethodCodeHeapSize                   = 5839372                                {pd product} {ergonomic}
    uintx NonProfiledCodeHeapSize                  = 122909434                              {pd product} {ergonomic}
    uintx ProfiledCodeHeapSize                     = 122909434                              {pd product} {ergonomic}
    uintx ReservedCodeCacheSize                    = 251658240                              {pd product} {ergonomic}
     bool SegmentedCodeCache                       = true                                      {product} {ergonomic}
   size_t SoftMaxHeapSize                          = 8568963072                             {manageable} {ergonomic}
     bool UseCompressedClassPointers               = true                           {product lp64_product} {ergonomic}
     bool UseCompressedOops                        = true                           {product lp64_product} {ergonomic}
     bool UseG1GC                                  = true                                      {product} {ergonomic}
     bool UseLargePagesIndividualAllocation        = false                                  {pd product} {ergonomic}

Logging:
Log output configuration:
 #0: stdout all=warning uptime,level,tags
 #1: stderr all=off uptime,level,tags

Environment Variables:
PATH=C:\Program Files (x86)\VMware\VMware Player\bin\;C:\Program Files (x86)\Common Files\Oracle\Java\javapath;C:\Windows\system32;C:\Windows;C:\Windows\System32\Wbem;C:\Windows\System32\WindowsPowerShell\v1.0\;C:\Windows\System32\OpenSSH\;C:\Program Files\dotnet\;C:\adb;C:\Program Files\NVIDIA Corporation\NVIDIA NvDLISR;C:\Program Files\Docker\Docker\resources\bin;C:\Program Files\nodejs\;C:\Program Files (x86)\NVIDIA Corporation\PhysX\Common;C:\Program Files\Git\cmd;C:\Users\lipat\AppData\Local\Microsoft\WindowsApps;C:\Users\lipat\AppData\Local\Programs\Microsoft VS Code\bin;C:\Program Files\JetBrains\IntelliJ IDEA 2023.1.5\bin;;C:\Program Files\JetBrains\PhpStorm 2023.1.4\bin;;C:\Users\lipat\.dotnet\tools;C:\Program Files\JetBrains\PyCharm 2023.3.2\bin;;C:\Users\lipat\AppData\Roaming\npm;C:\Program Files\JetBrains\JetBrains Rider 2024.1.2\bin;;C:\Users\lipat\AppData\Local\GitHubDesktop\bin
USERNAME=lipat
OS=Windows_NT
PROCESSOR_IDENTIFIER=Intel64 Family 6 Model 158 Stepping 13, GenuineIntel
TMP=C:\Users\lipat\AppData\Local\Temp
TEMP=C:\Users\lipat\AppData\Local\Temp



Periodic native trim disabled

JNI global refs:
JNI global refs: 0, weak refs: 0

JNI global refs memory usage: 0, weak refs: 0

Process memory usage:
Resident Set Size: 12424K (0% of 33467580K total physical memory with 17039908K free physical memory)

OOME stack traces (most recent first):
Classloader memory used:


---------------  S Y S T E M  ---------------

OS:
 Windows 11 , 64 bit Build 22621 (10.0.22621.3672)
OS uptime: 1 days 10:55 hours
Hyper-V role detected

CPU: total 8 (initial active 8) (8 cores per cpu, 1 threads per core) family 6 model 158 stepping 13 microcode 0xde, cx8, cmov, fxsr, mmx, 3dnowpref, sse, sse2, sse3, ssse3, sse4.1, sse4.2, popcnt, lzcnt, tsc, tscinvbit, avx, avx2, aes, erms, clmul, bmi1, bmi2, adx, fma, vzeroupper, clflush, clflushopt, hv
Processor Information for all 8 processors :
  Max Mhz: 3600, Current Mhz: 3600, Mhz Limit: 3600

Memory: 4k page, system-wide physical 32683M (16640M free)
TotalPageFile size 130987M (AvailPageFile size 477M)
current process WorkingSet (physical memory assigned to process): 12M, peak: 12M
current process commit charge ("private bytes"): 60M, peak: 572M

vm_info: OpenJDK 64-Bit Server VM (17.0.11+1-b1207.24) for windows-amd64 JRE (17.0.11+1-b1207.24), built on 2024-05-15 by "builduser" with MS VC++ 16.10 / 16.11 (VS2019)

END.
