#
# There is insufficient memory for the Java Runtime Environment to continue.
# Native memory allocation (malloc) failed to allocate 233936 bytes. Error detail: Chunk::new
# Possible reasons:
#   The system is out of physical RAM or swap space
#   This process is running with CompressedOops enabled, and the Java Heap may be blocking the growth of the native heap
# Possible solutions:
#   Reduce memory load on the system
#   Increase physical memory or swap space
#   Check if swap backing store is full
#   Decrease Java heap size (-Xmx/-Xms)
#   Decrease number of Java threads
#   Decrease Java thread stack sizes (-Xss)
#   Set larger code cache with -XX:ReservedCodeCacheSize=
#   JVM is running with Zero Based Compressed Oops mode in which the Java heap is
#     placed in the first 32GB address space. The Java Heap base address is the
#     maximum limit for the native heap growth. Please use -XX:HeapBaseMinAddress
#     to set the Java Heap base and to place the Java Heap above 32GB virtual address.
# This output file may be truncated or incomplete.
#
#  Out of Memory Error (arena.cpp:191), pid=10452, tid=24136
#
# JRE version: OpenJDK Runtime Environment JBR-17.0.11+1-1207.24-jcef (17.0.11+1) (build 17.0.11+1-b1207.24)
# Java VM: OpenJDK 64-Bit Server VM JBR-17.0.11+1-1207.24-jcef (17.0.11+1-b1207.24, mixed mode, tiered, compressed oops, compressed class ptrs, g1 gc, windows-amd64)
# No core dump will be written. Minidumps are not enabled by default on client versions of Windows
#

---------------  S U M M A R Y ------------

Command Line: externalApp.nativessh.NativeSshAskPassApp Enter passphrase for key '/home/qwerty/.ssh/id_rsa': 

Host: Intel(R) Core(TM) i7-9700K CPU @ 3.60GHz, 8 cores, 31G,  Windows 11 , 64 bit Build 22621 (10.0.22621.3672)
Time: Thu Jun 13 23:12:40 2024 RTZ 2 (s 11 , 64 bit Build 22621 (10.0.22621.3672) elapsed time: 0.798977 seconds (0d 0h 0m 0s)

---------------  T H R E A D  ---------------

Current thread (0x000002c270a31dd0):  JavaThread "C2 CompilerThread0" daemon [_thread_in_native, id=24136, stack(0x000000f7be100000,0x000000f7be200000)]


Current CompileTask:
C2:    801  997       4       jdk.internal.org.objectweb.asm.SymbolTable::addConstantUtf8 (98 bytes)

Stack: [0x000000f7be100000,0x000000f7be200000]
Native frames: (J=compiled Java code, j=interpreted, Vv=VM code, C=native code)
V  [jvm.dll+0x6877f9]
V  [jvm.dll+0x8411aa]
V  [jvm.dll+0x842e2e]
V  [jvm.dll+0x843493]
V  [jvm.dll+0x249fdf]
V  [jvm.dll+0xac544]
V  [jvm.dll+0xacb8c]
V  [jvm.dll+0x369842]
V  [jvm.dll+0x333dca]
V  [jvm.dll+0x33326a]
V  [jvm.dll+0x21bb81]
V  [jvm.dll+0x21afc1]
V  [jvm.dll+0x1a637d]
V  [jvm.dll+0x22ae8e]
V  [jvm.dll+0x229015]
V  [jvm.dll+0x7f53a7]
V  [jvm.dll+0x7ef7aa]
V  [jvm.dll+0x686675]
C  [ucrtbase.dll+0x29333]
C  [KERNEL32.DLL+0x1257d]
C  [ntdll.dll+0x5af28]


---------------  P R O C E S S  ---------------

Threads class SMR info:
_java_thread_list=0x000002c2752eb5f0, length=16, elements={
0x000002c24842d510, 0x000002c2709ba080, 0x000002c2709baf00, 0x000002c270a0e7e0,
0x000002c270a0f3a0, 0x000002c270a13d80, 0x000002c270a14740, 0x000002c270a31dd0,
0x000002c270a327d0, 0x000002c270a351e0, 0x000002c270b88ba0, 0x000002c270b9b010,
0x000002c2752595c0, 0x000002c2709f06f0, 0x000002c27530dc10, 0x000002c275354330
}

Java Threads: ( => current thread )
  0x000002c24842d510 JavaThread "main" [_thread_blocked, id=23392, stack(0x000000f7bd400000,0x000000f7bd500000)]
  0x000002c2709ba080 JavaThread "Reference Handler" daemon [_thread_blocked, id=32092, stack(0x000000f7bdb00000,0x000000f7bdc00000)]
  0x000002c2709baf00 JavaThread "Finalizer" daemon [_thread_blocked, id=25668, stack(0x000000f7bdc00000,0x000000f7bdd00000)]
  0x000002c270a0e7e0 JavaThread "Signal Dispatcher" daemon [_thread_blocked, id=25100, stack(0x000000f7bdd00000,0x000000f7bde00000)]
  0x000002c270a0f3a0 JavaThread "Attach Listener" daemon [_thread_blocked, id=30348, stack(0x000000f7bde00000,0x000000f7bdf00000)]
  0x000002c270a13d80 JavaThread "Service Thread" daemon [_thread_blocked, id=32124, stack(0x000000f7bdf00000,0x000000f7be000000)]
  0x000002c270a14740 JavaThread "Monitor Deflation Thread" daemon [_thread_blocked, id=20716, stack(0x000000f7be000000,0x000000f7be100000)]
=>0x000002c270a31dd0 JavaThread "C2 CompilerThread0" daemon [_thread_in_native, id=24136, stack(0x000000f7be100000,0x000000f7be200000)]
  0x000002c270a327d0 JavaThread "C1 CompilerThread0" daemon [_thread_blocked, id=17564, stack(0x000000f7be200000,0x000000f7be300000)]
  0x000002c270a351e0 JavaThread "Sweeper thread" daemon [_thread_blocked, id=20428, stack(0x000000f7be300000,0x000000f7be400000)]
  0x000002c270b88ba0 JavaThread "Notification Thread" daemon [_thread_blocked, id=28420, stack(0x000000f7be400000,0x000000f7be500000)]
  0x000002c270b9b010 JavaThread "Common-Cleaner" daemon [_thread_blocked, id=28212, stack(0x000000f7be600000,0x000000f7be700000)]
  0x000002c2752595c0 JavaThread "HttpClient-1-SelectorManager" daemon [_thread_in_native, id=28804, stack(0x000000f7be700000,0x000000f7be800000)]
  0x000002c2709f06f0 JavaThread "HttpClient-1-Worker-0" daemon [_thread_in_vm, id=17160, stack(0x000000f7be900000,0x000000f7bea00000)]
  0x000002c27530dc10 JavaThread "HttpClient-1-Worker-1" daemon [_thread_blocked, id=26908, stack(0x000000f7bea00000,0x000000f7beb00000)]
  0x000002c275354330 JavaThread "C2 CompilerThread1" daemon [_thread_blocked, id=12048, stack(0x000000f7beb00000,0x000000f7bec00000)]

Other Threads:
  0x000002c26e02d640 VMThread "VM Thread" [stack: 0x000000f7bda00000,0x000000f7bdb00000] [id=27436]
  0x000002c270b89890 WatcherThread [stack: 0x000000f7be500000,0x000000f7be600000] [id=22896]
  0x000002c2484da4c0 GCTaskThread "GC Thread#0" [stack: 0x000000f7bd500000,0x000000f7bd600000] [id=22112]
  0x000002c26de60240 ConcurrentGCThread "G1 Main Marker" [stack: 0x000000f7bd600000,0x000000f7bd700000] [id=17472]
  0x000002c26de60c60 ConcurrentGCThread "G1 Conc#0" [stack: 0x000000f7bd700000,0x000000f7bd800000] [id=1324]
  0x000002c26df5cfe0 ConcurrentGCThread "G1 Refine#0" [stack: 0x000000f7bd800000,0x000000f7bd900000] [id=25520]
  0x000002c26df5d820 ConcurrentGCThread "G1 Service" [stack: 0x000000f7bd900000,0x000000f7bda00000] [id=12728]

Threads with active compile tasks:
C2 CompilerThread0      879  997       4       jdk.internal.org.objectweb.asm.SymbolTable::addConstantUtf8 (98 bytes)

VM state: not at safepoint (normal execution)

VM Mutex/Monitor currently owned by a thread:  ([mutex/lock_event])
[0x000002c248429900] Metaspace_lock - owner thread: 0x000002c2709f06f0

Heap address: 0x0000000601400000, size: 8172 MB, Compressed Oops mode: Zero based, Oop shift amount: 3

CDS archive(s) not mapped
Compressed class space mapped at: 0x0000000800000000-0x0000000840000000, reserved size: 1073741824
Narrow klass base: 0x0000000800000000, Narrow klass shift: 0, Narrow klass range: 0x40000000

GC Precious Log:
 CPUs: 8 total, 8 available
 Memory: 32683M
 Large Page Support: Disabled
 NUMA Support: Disabled
 Compressed Oops: Enabled (Zero based)
 Heap Region Size: 4M
 Heap Min Capacity: 8M
 Heap Initial Capacity: 512M
 Heap Max Capacity: 8172M
 Pre-touch: Disabled
 Parallel Workers: 8
 Concurrent Workers: 2
 Concurrent Refinement Workers: 8
 Periodic GC: Disabled

Heap:
 garbage-first heap   total 524288K, used 12288K [0x0000000601400000, 0x0000000800000000)
  region size 4096K, 4 young (16384K), 0 survivors (0K)
 Metaspace       used 16438K, committed 16576K, reserved 1114112K
  class space    used 1728K, committed 1792K, reserved 1048576K

Heap Regions: E=young(eden), S=young(survivor), O=old, HS=humongous(starts), HC=humongous(continues), CS=collection set, F=free, OA=open archive, CA=closed archive, TAMS=top-at-mark-start (previous, next)
|   0|0x0000000601400000, 0x0000000601400000, 0x0000000601800000|  0%| F|  |TAMS 0x0000000601400000, 0x0000000601400000| Untracked 
|   1|0x0000000601800000, 0x0000000601800000, 0x0000000601c00000|  0%| F|  |TAMS 0x0000000601800000, 0x0000000601800000| Untracked 
|   2|0x0000000601c00000, 0x0000000601c00000, 0x0000000602000000|  0%| F|  |TAMS 0x0000000601c00000, 0x0000000601c00000| Untracked 
|   3|0x0000000602000000, 0x0000000602000000, 0x0000000602400000|  0%| F|  |TAMS 0x0000000602000000, 0x0000000602000000| Untracked 
|   4|0x0000000602400000, 0x0000000602400000, 0x0000000602800000|  0%| F|  |TAMS 0x0000000602400000, 0x0000000602400000| Untracked 
|   5|0x0000000602800000, 0x0000000602800000, 0x0000000602c00000|  0%| F|  |TAMS 0x0000000602800000, 0x0000000602800000| Untracked 
|   6|0x0000000602c00000, 0x0000000602c00000, 0x0000000603000000|  0%| F|  |TAMS 0x0000000602c00000, 0x0000000602c00000| Untracked 
|   7|0x0000000603000000, 0x0000000603000000, 0x0000000603400000|  0%| F|  |TAMS 0x0000000603000000, 0x0000000603000000| Untracked 
|   8|0x0000000603400000, 0x0000000603400000, 0x0000000603800000|  0%| F|  |TAMS 0x0000000603400000, 0x0000000603400000| Untracked 
|   9|0x0000000603800000, 0x0000000603800000, 0x0000000603c00000|  0%| F|  |TAMS 0x0000000603800000, 0x0000000603800000| Untracked 
|  10|0x0000000603c00000, 0x0000000603c00000, 0x0000000604000000|  0%| F|  |TAMS 0x0000000603c00000, 0x0000000603c00000| Untracked 
|  11|0x0000000604000000, 0x0000000604000000, 0x0000000604400000|  0%| F|  |TAMS 0x0000000604000000, 0x0000000604000000| Untracked 
|  12|0x0000000604400000, 0x0000000604400000, 0x0000000604800000|  0%| F|  |TAMS 0x0000000604400000, 0x0000000604400000| Untracked 
|  13|0x0000000604800000, 0x0000000604800000, 0x0000000604c00000|  0%| F|  |TAMS 0x0000000604800000, 0x0000000604800000| Untracked 
|  14|0x0000000604c00000, 0x0000000604c00000, 0x0000000605000000|  0%| F|  |TAMS 0x0000000604c00000, 0x0000000604c00000| Untracked 
|  15|0x0000000605000000, 0x0000000605000000, 0x0000000605400000|  0%| F|  |TAMS 0x0000000605000000, 0x0000000605000000| Untracked 
|  16|0x0000000605400000, 0x0000000605400000, 0x0000000605800000|  0%| F|  |TAMS 0x0000000605400000, 0x0000000605400000| Untracked 
|  17|0x0000000605800000, 0x0000000605800000, 0x0000000605c00000|  0%| F|  |TAMS 0x0000000605800000, 0x0000000605800000| Untracked 
|  18|0x0000000605c00000, 0x0000000605c00000, 0x0000000606000000|  0%| F|  |TAMS 0x0000000605c00000, 0x0000000605c00000| Untracked 
|  19|0x0000000606000000, 0x0000000606000000, 0x0000000606400000|  0%| F|  |TAMS 0x0000000606000000, 0x0000000606000000| Untracked 
|  20|0x0000000606400000, 0x0000000606400000, 0x0000000606800000|  0%| F|  |TAMS 0x0000000606400000, 0x0000000606400000| Untracked 
|  21|0x0000000606800000, 0x0000000606800000, 0x0000000606c00000|  0%| F|  |TAMS 0x0000000606800000, 0x0000000606800000| Untracked 
|  22|0x0000000606c00000, 0x0000000606c00000, 0x0000000607000000|  0%| F|  |TAMS 0x0000000606c00000, 0x0000000606c00000| Untracked 
|  23|0x0000000607000000, 0x0000000607000000, 0x0000000607400000|  0%| F|  |TAMS 0x0000000607000000, 0x0000000607000000| Untracked 
|  24|0x0000000607400000, 0x0000000607400000, 0x0000000607800000|  0%| F|  |TAMS 0x0000000607400000, 0x0000000607400000| Untracked 
|  25|0x0000000607800000, 0x0000000607800000, 0x0000000607c00000|  0%| F|  |TAMS 0x0000000607800000, 0x0000000607800000| Untracked 
|  26|0x0000000607c00000, 0x0000000607c00000, 0x0000000608000000|  0%| F|  |TAMS 0x0000000607c00000, 0x0000000607c00000| Untracked 
|  27|0x0000000608000000, 0x0000000608000000, 0x0000000608400000|  0%| F|  |TAMS 0x0000000608000000, 0x0000000608000000| Untracked 
|  28|0x0000000608400000, 0x0000000608400000, 0x0000000608800000|  0%| F|  |TAMS 0x0000000608400000, 0x0000000608400000| Untracked 
|  29|0x0000000608800000, 0x0000000608800000, 0x0000000608c00000|  0%| F|  |TAMS 0x0000000608800000, 0x0000000608800000| Untracked 
|  30|0x0000000608c00000, 0x0000000608c00000, 0x0000000609000000|  0%| F|  |TAMS 0x0000000608c00000, 0x0000000608c00000| Untracked 
|  31|0x0000000609000000, 0x0000000609000000, 0x0000000609400000|  0%| F|  |TAMS 0x0000000609000000, 0x0000000609000000| Untracked 
|  32|0x0000000609400000, 0x0000000609400000, 0x0000000609800000|  0%| F|  |TAMS 0x0000000609400000, 0x0000000609400000| Untracked 
|  33|0x0000000609800000, 0x0000000609800000, 0x0000000609c00000|  0%| F|  |TAMS 0x0000000609800000, 0x0000000609800000| Untracked 
|  34|0x0000000609c00000, 0x0000000609c00000, 0x000000060a000000|  0%| F|  |TAMS 0x0000000609c00000, 0x0000000609c00000| Untracked 
|  35|0x000000060a000000, 0x000000060a000000, 0x000000060a400000|  0%| F|  |TAMS 0x000000060a000000, 0x000000060a000000| Untracked 
|  36|0x000000060a400000, 0x000000060a400000, 0x000000060a800000|  0%| F|  |TAMS 0x000000060a400000, 0x000000060a400000| Untracked 
|  37|0x000000060a800000, 0x000000060a800000, 0x000000060ac00000|  0%| F|  |TAMS 0x000000060a800000, 0x000000060a800000| Untracked 
|  38|0x000000060ac00000, 0x000000060ac00000, 0x000000060b000000|  0%| F|  |TAMS 0x000000060ac00000, 0x000000060ac00000| Untracked 
|  39|0x000000060b000000, 0x000000060b000000, 0x000000060b400000|  0%| F|  |TAMS 0x000000060b000000, 0x000000060b000000| Untracked 
|  40|0x000000060b400000, 0x000000060b400000, 0x000000060b800000|  0%| F|  |TAMS 0x000000060b400000, 0x000000060b400000| Untracked 
|  41|0x000000060b800000, 0x000000060b800000, 0x000000060bc00000|  0%| F|  |TAMS 0x000000060b800000, 0x000000060b800000| Untracked 
|  42|0x000000060bc00000, 0x000000060bc00000, 0x000000060c000000|  0%| F|  |TAMS 0x000000060bc00000, 0x000000060bc00000| Untracked 
|  43|0x000000060c000000, 0x000000060c000000, 0x000000060c400000|  0%| F|  |TAMS 0x000000060c000000, 0x000000060c000000| Untracked 
|  44|0x000000060c400000, 0x000000060c400000, 0x000000060c800000|  0%| F|  |TAMS 0x000000060c400000, 0x000000060c400000| Untracked 
|  45|0x000000060c800000, 0x000000060c800000, 0x000000060cc00000|  0%| F|  |TAMS 0x000000060c800000, 0x000000060c800000| Untracked 
|  46|0x000000060cc00000, 0x000000060cc00000, 0x000000060d000000|  0%| F|  |TAMS 0x000000060cc00000, 0x000000060cc00000| Untracked 
|  47|0x000000060d000000, 0x000000060d000000, 0x000000060d400000|  0%| F|  |TAMS 0x000000060d000000, 0x000000060d000000| Untracked 
|  48|0x000000060d400000, 0x000000060d400000, 0x000000060d800000|  0%| F|  |TAMS 0x000000060d400000, 0x000000060d400000| Untracked 
|  49|0x000000060d800000, 0x000000060d800000, 0x000000060dc00000|  0%| F|  |TAMS 0x000000060d800000, 0x000000060d800000| Untracked 
|  50|0x000000060dc00000, 0x000000060dc00000, 0x000000060e000000|  0%| F|  |TAMS 0x000000060dc00000, 0x000000060dc00000| Untracked 
|  51|0x000000060e000000, 0x000000060e000000, 0x000000060e400000|  0%| F|  |TAMS 0x000000060e000000, 0x000000060e000000| Untracked 
|  52|0x000000060e400000, 0x000000060e400000, 0x000000060e800000|  0%| F|  |TAMS 0x000000060e400000, 0x000000060e400000| Untracked 
|  53|0x000000060e800000, 0x000000060e800000, 0x000000060ec00000|  0%| F|  |TAMS 0x000000060e800000, 0x000000060e800000| Untracked 
|  54|0x000000060ec00000, 0x000000060ec00000, 0x000000060f000000|  0%| F|  |TAMS 0x000000060ec00000, 0x000000060ec00000| Untracked 
|  55|0x000000060f000000, 0x000000060f000000, 0x000000060f400000|  0%| F|  |TAMS 0x000000060f000000, 0x000000060f000000| Untracked 
|  56|0x000000060f400000, 0x000000060f400000, 0x000000060f800000|  0%| F|  |TAMS 0x000000060f400000, 0x000000060f400000| Untracked 
|  57|0x000000060f800000, 0x000000060f800000, 0x000000060fc00000|  0%| F|  |TAMS 0x000000060f800000, 0x000000060f800000| Untracked 
|  58|0x000000060fc00000, 0x000000060fc00000, 0x0000000610000000|  0%| F|  |TAMS 0x000000060fc00000, 0x000000060fc00000| Untracked 
|  59|0x0000000610000000, 0x0000000610000000, 0x0000000610400000|  0%| F|  |TAMS 0x0000000610000000, 0x0000000610000000| Untracked 
|  60|0x0000000610400000, 0x0000000610400000, 0x0000000610800000|  0%| F|  |TAMS 0x0000000610400000, 0x0000000610400000| Untracked 
|  61|0x0000000610800000, 0x0000000610800000, 0x0000000610c00000|  0%| F|  |TAMS 0x0000000610800000, 0x0000000610800000| Untracked 
|  62|0x0000000610c00000, 0x0000000610c00000, 0x0000000611000000|  0%| F|  |TAMS 0x0000000610c00000, 0x0000000610c00000| Untracked 
|  63|0x0000000611000000, 0x0000000611000000, 0x0000000611400000|  0%| F|  |TAMS 0x0000000611000000, 0x0000000611000000| Untracked 
|  64|0x0000000611400000, 0x0000000611400000, 0x0000000611800000|  0%| F|  |TAMS 0x0000000611400000, 0x0000000611400000| Untracked 
|  65|0x0000000611800000, 0x0000000611800000, 0x0000000611c00000|  0%| F|  |TAMS 0x0000000611800000, 0x0000000611800000| Untracked 
|  66|0x0000000611c00000, 0x0000000611c00000, 0x0000000612000000|  0%| F|  |TAMS 0x0000000611c00000, 0x0000000611c00000| Untracked 
|  67|0x0000000612000000, 0x0000000612000000, 0x0000000612400000|  0%| F|  |TAMS 0x0000000612000000, 0x0000000612000000| Untracked 
|  68|0x0000000612400000, 0x0000000612400000, 0x0000000612800000|  0%| F|  |TAMS 0x0000000612400000, 0x0000000612400000| Untracked 
|  69|0x0000000612800000, 0x0000000612800000, 0x0000000612c00000|  0%| F|  |TAMS 0x0000000612800000, 0x0000000612800000| Untracked 
|  70|0x0000000612c00000, 0x0000000612c00000, 0x0000000613000000|  0%| F|  |TAMS 0x0000000612c00000, 0x0000000612c00000| Untracked 
|  71|0x0000000613000000, 0x0000000613000000, 0x0000000613400000|  0%| F|  |TAMS 0x0000000613000000, 0x0000000613000000| Untracked 
|  72|0x0000000613400000, 0x0000000613400000, 0x0000000613800000|  0%| F|  |TAMS 0x0000000613400000, 0x0000000613400000| Untracked 
|  73|0x0000000613800000, 0x0000000613800000, 0x0000000613c00000|  0%| F|  |TAMS 0x0000000613800000, 0x0000000613800000| Untracked 
|  74|0x0000000613c00000, 0x0000000613c00000, 0x0000000614000000|  0%| F|  |TAMS 0x0000000613c00000, 0x0000000613c00000| Untracked 
|  75|0x0000000614000000, 0x0000000614000000, 0x0000000614400000|  0%| F|  |TAMS 0x0000000614000000, 0x0000000614000000| Untracked 
|  76|0x0000000614400000, 0x0000000614400000, 0x0000000614800000|  0%| F|  |TAMS 0x0000000614400000, 0x0000000614400000| Untracked 
|  77|0x0000000614800000, 0x0000000614800000, 0x0000000614c00000|  0%| F|  |TAMS 0x0000000614800000, 0x0000000614800000| Untracked 
|  78|0x0000000614c00000, 0x0000000614c00000, 0x0000000615000000|  0%| F|  |TAMS 0x0000000614c00000, 0x0000000614c00000| Untracked 
|  79|0x0000000615000000, 0x0000000615000000, 0x0000000615400000|  0%| F|  |TAMS 0x0000000615000000, 0x0000000615000000| Untracked 
|  80|0x0000000615400000, 0x0000000615400000, 0x0000000615800000|  0%| F|  |TAMS 0x0000000615400000, 0x0000000615400000| Untracked 
|  81|0x0000000615800000, 0x0000000615800000, 0x0000000615c00000|  0%| F|  |TAMS 0x0000000615800000, 0x0000000615800000| Untracked 
|  82|0x0000000615c00000, 0x0000000615c00000, 0x0000000616000000|  0%| F|  |TAMS 0x0000000615c00000, 0x0000000615c00000| Untracked 
|  83|0x0000000616000000, 0x0000000616000000, 0x0000000616400000|  0%| F|  |TAMS 0x0000000616000000, 0x0000000616000000| Untracked 
|  84|0x0000000616400000, 0x0000000616400000, 0x0000000616800000|  0%| F|  |TAMS 0x0000000616400000, 0x0000000616400000| Untracked 
|  85|0x0000000616800000, 0x0000000616800000, 0x0000000616c00000|  0%| F|  |TAMS 0x0000000616800000, 0x0000000616800000| Untracked 
|  86|0x0000000616c00000, 0x0000000616c00000, 0x0000000617000000|  0%| F|  |TAMS 0x0000000616c00000, 0x0000000616c00000| Untracked 
|  87|0x0000000617000000, 0x0000000617000000, 0x0000000617400000|  0%| F|  |TAMS 0x0000000617000000, 0x0000000617000000| Untracked 
|  88|0x0000000617400000, 0x0000000617400000, 0x0000000617800000|  0%| F|  |TAMS 0x0000000617400000, 0x0000000617400000| Untracked 
|  89|0x0000000617800000, 0x0000000617800000, 0x0000000617c00000|  0%| F|  |TAMS 0x0000000617800000, 0x0000000617800000| Untracked 
|  90|0x0000000617c00000, 0x0000000617c00000, 0x0000000618000000|  0%| F|  |TAMS 0x0000000617c00000, 0x0000000617c00000| Untracked 
|  91|0x0000000618000000, 0x0000000618000000, 0x0000000618400000|  0%| F|  |TAMS 0x0000000618000000, 0x0000000618000000| Untracked 
|  92|0x0000000618400000, 0x0000000618400000, 0x0000000618800000|  0%| F|  |TAMS 0x0000000618400000, 0x0000000618400000| Untracked 
|  93|0x0000000618800000, 0x0000000618800000, 0x0000000618c00000|  0%| F|  |TAMS 0x0000000618800000, 0x0000000618800000| Untracked 
|  94|0x0000000618c00000, 0x0000000618c00000, 0x0000000619000000|  0%| F|  |TAMS 0x0000000618c00000, 0x0000000618c00000| Untracked 
|  95|0x0000000619000000, 0x0000000619000000, 0x0000000619400000|  0%| F|  |TAMS 0x0000000619000000, 0x0000000619000000| Untracked 
|  96|0x0000000619400000, 0x0000000619400000, 0x0000000619800000|  0%| F|  |TAMS 0x0000000619400000, 0x0000000619400000| Untracked 
|  97|0x0000000619800000, 0x0000000619800000, 0x0000000619c00000|  0%| F|  |TAMS 0x0000000619800000, 0x0000000619800000| Untracked 
|  98|0x0000000619c00000, 0x0000000619c00000, 0x000000061a000000|  0%| F|  |TAMS 0x0000000619c00000, 0x0000000619c00000| Untracked 
|  99|0x000000061a000000, 0x000000061a000000, 0x000000061a400000|  0%| F|  |TAMS 0x000000061a000000, 0x000000061a000000| Untracked 
| 100|0x000000061a400000, 0x000000061a400000, 0x000000061a800000|  0%| F|  |TAMS 0x000000061a400000, 0x000000061a400000| Untracked 
| 101|0x000000061a800000, 0x000000061a800000, 0x000000061ac00000|  0%| F|  |TAMS 0x000000061a800000, 0x000000061a800000| Untracked 
| 102|0x000000061ac00000, 0x000000061ac00000, 0x000000061b000000|  0%| F|  |TAMS 0x000000061ac00000, 0x000000061ac00000| Untracked 
| 103|0x000000061b000000, 0x000000061b000000, 0x000000061b400000|  0%| F|  |TAMS 0x000000061b000000, 0x000000061b000000| Untracked 
| 104|0x000000061b400000, 0x000000061b400000, 0x000000061b800000|  0%| F|  |TAMS 0x000000061b400000, 0x000000061b400000| Untracked 
| 105|0x000000061b800000, 0x000000061b800000, 0x000000061bc00000|  0%| F|  |TAMS 0x000000061b800000, 0x000000061b800000| Untracked 
| 106|0x000000061bc00000, 0x000000061bc00000, 0x000000061c000000|  0%| F|  |TAMS 0x000000061bc00000, 0x000000061bc00000| Untracked 
| 107|0x000000061c000000, 0x000000061c000000, 0x000000061c400000|  0%| F|  |TAMS 0x000000061c000000, 0x000000061c000000| Untracked 
| 108|0x000000061c400000, 0x000000061c400000, 0x000000061c800000|  0%| F|  |TAMS 0x000000061c400000, 0x000000061c400000| Untracked 
| 109|0x000000061c800000, 0x000000061c800000, 0x000000061cc00000|  0%| F|  |TAMS 0x000000061c800000, 0x000000061c800000| Untracked 
| 110|0x000000061cc00000, 0x000000061cc00000, 0x000000061d000000|  0%| F|  |TAMS 0x000000061cc00000, 0x000000061cc00000| Untracked 
| 111|0x000000061d000000, 0x000000061d000000, 0x000000061d400000|  0%| F|  |TAMS 0x000000061d000000, 0x000000061d000000| Untracked 
| 112|0x000000061d400000, 0x000000061d400000, 0x000000061d800000|  0%| F|  |TAMS 0x000000061d400000, 0x000000061d400000| Untracked 
| 113|0x000000061d800000, 0x000000061d800000, 0x000000061dc00000|  0%| F|  |TAMS 0x000000061d800000, 0x000000061d800000| Untracked 
| 114|0x000000061dc00000, 0x000000061dc00000, 0x000000061e000000|  0%| F|  |TAMS 0x000000061dc00000, 0x000000061dc00000| Untracked 
| 115|0x000000061e000000, 0x000000061e000000, 0x000000061e400000|  0%| F|  |TAMS 0x000000061e000000, 0x000000061e000000| Untracked 
| 116|0x000000061e400000, 0x000000061e400000, 0x000000061e800000|  0%| F|  |TAMS 0x000000061e400000, 0x000000061e400000| Untracked 
| 117|0x000000061e800000, 0x000000061e800000, 0x000000061ec00000|  0%| F|  |TAMS 0x000000061e800000, 0x000000061e800000| Untracked 
| 118|0x000000061ec00000, 0x000000061ec00000, 0x000000061f000000|  0%| F|  |TAMS 0x000000061ec00000, 0x000000061ec00000| Untracked 
| 119|0x000000061f000000, 0x000000061f000000, 0x000000061f400000|  0%| F|  |TAMS 0x000000061f000000, 0x000000061f000000| Untracked 
| 120|0x000000061f400000, 0x000000061f400000, 0x000000061f800000|  0%| F|  |TAMS 0x000000061f400000, 0x000000061f400000| Untracked 
| 121|0x000000061f800000, 0x000000061f800000, 0x000000061fc00000|  0%| F|  |TAMS 0x000000061f800000, 0x000000061f800000| Untracked 
| 122|0x000000061fc00000, 0x000000061fc00000, 0x0000000620000000|  0%| F|  |TAMS 0x000000061fc00000, 0x000000061fc00000| Untracked 
| 123|0x0000000620000000, 0x0000000620000000, 0x0000000620400000|  0%| F|  |TAMS 0x0000000620000000, 0x0000000620000000| Untracked 
| 124|0x0000000620400000, 0x00000006205eebd0, 0x0000000620800000| 48%| E|  |TAMS 0x0000000620400000, 0x0000000620400000| Complete 
| 125|0x0000000620800000, 0x0000000620c00000, 0x0000000620c00000|100%| E|CS|TAMS 0x0000000620800000, 0x0000000620800000| Complete 
| 126|0x0000000620c00000, 0x0000000621000000, 0x0000000621000000|100%| E|CS|TAMS 0x0000000620c00000, 0x0000000620c00000| Complete 
| 127|0x0000000621000000, 0x0000000621400000, 0x0000000621400000|100%| E|CS|TAMS 0x0000000621000000, 0x0000000621000000| Complete 

Card table byte_map: [0x000002c25bef0000,0x000002c25cef0000] _byte_map_base: 0x000002c258ee6000

Marking Bits (Prev, Next): (CMBitMap*) 0x000002c2484daae0, (CMBitMap*) 0x000002c2484dab20
 Prev Bits: [0x000002c25def0000, 0x000002c265ea0000)
 Next Bits: [0x000002c265ea0000, 0x000002c26de50000)

Polling page: 0x000002c246400000

Metaspace:

Usage:
  Non-class:     14.37 MB used.
      Class:      1.69 MB used.
       Both:     16.05 MB used.

Virtual space:
  Non-class space:       64.00 MB reserved,      14.44 MB ( 23%) committed,  1 nodes.
      Class space:        1.00 GB reserved,       1.75 MB ( <1%) committed,  1 nodes.
             Both:        1.06 GB reserved,      16.19 MB (  1%) committed. 

Chunk freelists:
   Non-Class:  816.00 KB
       Class:  14.20 MB
        Both:  15.00 MB

MaxMetaspaceSize: unlimited
CompressedClassSpaceSize: 1.00 GB
Initial GC threshold: 21.00 MB
Current GC threshold: 21.00 MB
CDS: off
MetaspaceReclaimPolicy: balanced
 - commit_granule_bytes: 65536.
 - commit_granule_words: 8192.
 - virtual_space_node_default_size: 8388608.
 - enlarge_chunks_in_place: 1.
 - new_chunks_are_fully_committed: 0.
 - uncommit_free_chunks: 1.
 - use_allocation_guard: 0.
 - handle_deallocations: 1.


Internal statistics:

num_allocs_failed_limit: 0.
num_arena_births: 128.
num_arena_deaths: 0.
num_vsnodes_births: 2.
num_vsnodes_deaths: 0.
num_space_committed: 259.
num_space_uncommitted: 0.
num_chunks_returned_to_freelist: 0.
num_chunks_taken_from_freelist: 280.
num_chunk_merges: 0.
num_chunk_splits: 156.
num_chunks_enlarged: 96.
num_inconsistent_stats: 0.

CodeHeap 'non-profiled nmethods': size=120000Kb used=314Kb max_used=314Kb free=119685Kb
 bounds [0x000002c253680000, 0x000002c2538f0000, 0x000002c25abb0000]
CodeHeap 'profiled nmethods': size=120000Kb used=1626Kb max_used=1626Kb free=118373Kb
 bounds [0x000002c24bbb0000, 0x000002c24be20000, 0x000002c2530e0000]
CodeHeap 'non-nmethods': size=5760Kb used=1189Kb max_used=1207Kb free=4570Kb
 bounds [0x000002c2530e0000, 0x000002c253350000, 0x000002c253680000]
 total_blobs=1495 nmethods=1012 adapters=396
 compilation: enabled
              stopped_count=0, restarted_count=0
 full_count=0

Compilation events (20 events):
Event: 0.782 Thread 0x000002c270a327d0  999       3       jdk.internal.org.objectweb.asm.SymbolTable::addConstantFieldref (10 bytes)
Event: 0.782 Thread 0x000002c270a327d0 nmethod 999 0x000002c24bd3b290 code [0x000002c24bd3b420, 0x000002c24bd3b568]
Event: 0.784 Thread 0x000002c270a327d0 1001       3       java.lang.Module::allows (60 bytes)
Event: 0.785 Thread 0x000002c275354330 nmethod 978 0x000002c2536cd310 code [0x000002c2536cd4a0, 0x000002c2536cdf68]
Event: 0.785 Thread 0x000002c275354330 1000       4       jdk.internal.org.objectweb.asm.SymbolTable$Entry::<init> (17 bytes)
Event: 0.785 Thread 0x000002c270a327d0 nmethod 1001 0x000002c24bd3b610 code [0x000002c24bd3b800, 0x000002c24bd3be48]
Event: 0.785 Thread 0x000002c275354330 nmethod 1000 0x000002c2536ce190 code [0x000002c2536ce300, 0x000002c2536ce558]
Event: 0.787 Thread 0x000002c270a327d0 1002       3       java.nio.ByteBuffer::wrap (8 bytes)
Event: 0.787 Thread 0x000002c270a327d0 nmethod 1002 0x000002c24bd3bf90 code [0x000002c24bd3c120, 0x000002c24bd3c248]
Event: 0.787 Thread 0x000002c270a327d0 1003       3       jdk.internal.misc.Unsafe::checkSize (32 bytes)
Event: 0.787 Thread 0x000002c270a327d0 nmethod 1003 0x000002c24bd3c310 code [0x000002c24bd3c4c0, 0x000002c24bd3c748]
Event: 0.787 Thread 0x000002c270a327d0 1004       3       java.nio.ByteBuffer::arrayOffset (35 bytes)
Event: 0.787 Thread 0x000002c270a327d0 nmethod 1004 0x000002c24bd3c890 code [0x000002c24bd3ca60, 0x000002c24bd3cd38]
Event: 0.787 Thread 0x000002c270a327d0 1005       3       jdk.internal.misc.Unsafe::checkOffset (32 bytes)
Event: 0.787 Thread 0x000002c270a327d0 nmethod 1005 0x000002c24bd3ce90 code [0x000002c24bd3d040, 0x000002c24bd3d2c8]
Event: 0.788 Thread 0x000002c270a327d0 1006   !   3       java.util.concurrent.ConcurrentHashMap::computeIfAbsent (576 bytes)
Event: 0.789 Thread 0x000002c270a327d0 nmethod 1006 0x000002c24bd3d410 code [0x000002c24bd3d820, 0x000002c24bd3fc38]
Event: 0.789 Thread 0x000002c270a327d0 1008       3       java.lang.invoke.InnerClassLambdaMetafactory::getOpcodeOffset (38 bytes)
Event: 0.789 Thread 0x000002c270a327d0 nmethod 1008 0x000002c24bd40c90 code [0x000002c24bd40e60, 0x000002c24bd41138]
Event: 0.789 Thread 0x000002c270a327d0 1007   !   3       jdk.internal.loader.BuiltinClassLoader::defineClass (162 bytes)

GC Heap History (0 events):
No events

Dll operation events (1 events):
Event: 0.006 Loaded shared library C:\Program Files\JetBrains\PhpStorm 2023.1.4\jbr\bin\java.dll

Deoptimization events (20 events):
Event: 0.771 Thread 0x000002c2709f06f0 Uncommon trap: trap_request=0xffffffc6 fr.pc=0x000002c2536c80a8 relative=0x00000000000000e8
Event: 0.771 Thread 0x000002c2709f06f0 Uncommon trap: reason=bimorphic_or_optimized_type_check action=maybe_recompile pc=0x000002c2536c80a8 method=sun.security.util.math.intpoly.IntegerPolynomial$MutableElement.setProduct(Lsun/security/util/math/IntegerModuloP;)Lsun/security/util/math/intpoly/
Event: 0.771 Thread 0x000002c2709f06f0 DEOPT PACKING pc=0x000002c2536c80a8 sp=0x000000f7be9fe770
Event: 0.771 Thread 0x000002c2709f06f0 DEOPT UNPACKING pc=0x000002c2531369a3 sp=0x000000f7be9fe698 mode 2
Event: 0.771 Thread 0x000002c2709f06f0 Uncommon trap: trap_request=0xffffffc6 fr.pc=0x000002c2536c80a8 relative=0x00000000000000e8
Event: 0.771 Thread 0x000002c2709f06f0 Uncommon trap: reason=bimorphic_or_optimized_type_check action=maybe_recompile pc=0x000002c2536c80a8 method=sun.security.util.math.intpoly.IntegerPolynomial$MutableElement.setProduct(Lsun/security/util/math/IntegerModuloP;)Lsun/security/util/math/intpoly/
Event: 0.771 Thread 0x000002c2709f06f0 DEOPT PACKING pc=0x000002c2536c80a8 sp=0x000000f7be9fe770
Event: 0.771 Thread 0x000002c2709f06f0 DEOPT UNPACKING pc=0x000002c2531369a3 sp=0x000000f7be9fe698 mode 2
Event: 0.771 Thread 0x000002c2709f06f0 Uncommon trap: trap_request=0xffffffc6 fr.pc=0x000002c2536c80a8 relative=0x00000000000000e8
Event: 0.771 Thread 0x000002c2709f06f0 Uncommon trap: reason=bimorphic_or_optimized_type_check action=maybe_recompile pc=0x000002c2536c80a8 method=sun.security.util.math.intpoly.IntegerPolynomial$MutableElement.setProduct(Lsun/security/util/math/IntegerModuloP;)Lsun/security/util/math/intpoly/
Event: 0.771 Thread 0x000002c2709f06f0 DEOPT PACKING pc=0x000002c2536c80a8 sp=0x000000f7be9fe770
Event: 0.771 Thread 0x000002c2709f06f0 DEOPT UNPACKING pc=0x000002c2531369a3 sp=0x000000f7be9fe698 mode 2
Event: 0.771 Thread 0x000002c2709f06f0 Uncommon trap: trap_request=0xffffffc6 fr.pc=0x000002c2536c80a8 relative=0x00000000000000e8
Event: 0.771 Thread 0x000002c2709f06f0 Uncommon trap: reason=bimorphic_or_optimized_type_check action=maybe_recompile pc=0x000002c2536c80a8 method=sun.security.util.math.intpoly.IntegerPolynomial$MutableElement.setProduct(Lsun/security/util/math/IntegerModuloP;)Lsun/security/util/math/intpoly/
Event: 0.771 Thread 0x000002c2709f06f0 DEOPT PACKING pc=0x000002c2536c80a8 sp=0x000000f7be9fe770
Event: 0.771 Thread 0x000002c2709f06f0 DEOPT UNPACKING pc=0x000002c2531369a3 sp=0x000000f7be9fe698 mode 2
Event: 0.771 Thread 0x000002c2709f06f0 Uncommon trap: trap_request=0xffffffc6 fr.pc=0x000002c2536c8a28 relative=0x00000000000000e8
Event: 0.771 Thread 0x000002c2709f06f0 Uncommon trap: reason=bimorphic_or_optimized_type_check action=maybe_recompile pc=0x000002c2536c8a28 method=sun.security.util.math.intpoly.IntegerPolynomial$MutableElement.setProduct(Lsun/security/util/math/IntegerModuloP;)Lsun/security/util/math/intpoly/
Event: 0.771 Thread 0x000002c2709f06f0 DEOPT PACKING pc=0x000002c2536c8a28 sp=0x000000f7be9fe710
Event: 0.771 Thread 0x000002c2709f06f0 DEOPT UNPACKING pc=0x000002c2531369a3 sp=0x000000f7be9fe6a0 mode 2

Classes unloaded (0 events):
No events

Classes redefined (0 events):
No events

Internal exceptions (20 events):
Event: 0.334 Thread 0x000002c24842d510 Exception <a 'java/lang/NoSuchMethodError'{0x0000000620c14a98}: 'java.lang.Object java.lang.invoke.DirectMethodHandle$Holder.invokeStaticInit(java.lang.Object, int, int, int, int)'> (0x0000000620c14a98) 
thrown [s\src\hotspot\share\interpreter\linkResolver.cpp, line 771]
Event: 0.512 Thread 0x000002c24842d510 Exception <a 'java/lang/NoSuchMethodError'{0x0000000620c58c98}: 'java.lang.Object java.lang.invoke.DirectMethodHandle$Holder.invokeStaticInit(java.lang.Object, java.lang.Object, int, int, int, int)'> (0x0000000620c58c98) 
thrown [s\src\hotspot\share\interpreter\linkResolver.cpp, line 771]
Event: 0.535 Thread 0x000002c24842d510 Exception <a 'java/lang/NoSuchMethodError'{0x0000000620cc1d38}: 'java.lang.Object java.lang.invoke.DirectMethodHandle$Holder.invokeStatic(java.lang.Object, java.lang.Object, int)'> (0x0000000620cc1d38) 
thrown [s\src\hotspot\share\interpreter\linkResolver.cpp, line 771]
Event: 0.536 Thread 0x000002c24842d510 Exception <a 'java/lang/NoSuchMethodError'{0x0000000620cc54b0}: 'java.lang.Object java.lang.invoke.DirectMethodHandle$Holder.invokeStaticInit(java.lang.Object, java.lang.Object, int)'> (0x0000000620cc54b0) 
thrown [s\src\hotspot\share\interpreter\linkResolver.cpp, line 771]
Event: 0.536 Thread 0x000002c24842d510 Exception <a 'java/lang/NoSuchMethodError'{0x0000000620ccb860}: 'java.lang.Object java.lang.invoke.DirectMethodHandle$Holder.newInvokeSpecial(java.lang.Object, java.lang.Object, int)'> (0x0000000620ccb860) 
thrown [s\src\hotspot\share\interpreter\linkResolver.cpp, line 771]
Event: 0.540 Thread 0x000002c24842d510 Exception <a 'java/lang/NoSuchMethodError'{0x0000000620cdb130}: 'int java.lang.invoke.DirectMethodHandle$Holder.invokeStaticInit(java.lang.Object, java.lang.Object, java.lang.Object)'> (0x0000000620cdb130) 
thrown [s\src\hotspot\share\interpreter\linkResolver.cpp, line 771]
Event: 0.542 Thread 0x000002c24842d510 Exception <a 'java/lang/NoSuchMethodError'{0x0000000620ceb310}: 'int java.lang.invoke.DirectMethodHandle$Holder.invokeSpecial(java.lang.Object, java.lang.Object, java.lang.Object)'> (0x0000000620ceb310) 
thrown [s\src\hotspot\share\interpreter\linkResolver.cpp, line 771]
Event: 0.543 Thread 0x000002c24842d510 Exception <a 'java/lang/NoSuchMethodError'{0x0000000620cf36f0}: 'int java.lang.invoke.DirectMethodHandle$Holder.invokeSpecialIFC(java.lang.Object, java.lang.Object, java.lang.Object)'> (0x0000000620cf36f0) 
thrown [s\src\hotspot\share\interpreter\linkResolver.cpp, line 771]
Event: 0.572 Thread 0x000002c24842d510 Exception <a 'java/lang/NoSuchMethodError'{0x0000000620d7f450}: 'java.lang.Object java.lang.invoke.DirectMethodHandle$Holder.invokeStaticInit(java.lang.Object)'> (0x0000000620d7f450) 
thrown [s\src\hotspot\share\interpreter\linkResolver.cpp, line 771]
Event: 0.649 Thread 0x000002c24842d510 Exception <a 'java/lang/NoSuchMethodError'{0x0000000620f4a238}: 'java.lang.Object java.lang.invoke.DirectMethodHandle$Holder.newInvokeSpecial(java.lang.Object, java.lang.Object, java.lang.Object, java.lang.Object, java.lang.Object)'> (0x0000000620f4a238) 
thrown [s\src\hotspot\share\interpreter\linkResolver.cpp, line 771]
Event: 0.673 Thread 0x000002c24842d510 Exception <a 'java/lang/NoSuchMethodError'{0x0000000620954738}: 'java.lang.Object java.lang.invoke.DirectMethodHandle$Holder.invokeSpecial(java.lang.Object, java.lang.Object, java.lang.Object, java.lang.Object, int)'> (0x0000000620954738) 
thrown [s\src\hotspot\share\interpreter\linkResolver.cpp, line 771]
Event: 0.674 Thread 0x000002c24842d510 Exception <a 'java/lang/NoSuchMethodError'{0x0000000620958300}: 'java.lang.Object java.lang.invoke.Invokers$Holder.linkToTargetMethod(java.lang.Object, java.lang.Object, int, java.lang.Object)'> (0x0000000620958300) 
thrown [s\src\hotspot\share\interpreter\linkResolver.cpp, line 771]
Event: 0.681 Thread 0x000002c24842d510 Exception <a 'java/lang/NoSuchMethodError'{0x00000006209b55c8}: 'void java.lang.invoke.DirectMethodHandle$Holder.invokeSpecial(java.lang.Object, java.lang.Object, java.lang.Object)'> (0x00000006209b55c8) 
thrown [s\src\hotspot\share\interpreter\linkResolver.cpp, line 771]
Event: 0.691 Thread 0x000002c24842d510 Exception <a 'java/lang/NoSuchMethodError'{0x0000000620a3b568}: 'void java.lang.invoke.DirectMethodHandle$Holder.invokeSpecial(java.lang.Object, java.lang.Object, java.lang.Object, java.lang.Object, java.lang.Object)'> (0x0000000620a3b568) 
thrown [s\src\hotspot\share\interpreter\linkResolver.cpp, line 771]
Event: 0.691 Thread 0x000002c2752595c0 Exception <a 'java/lang/NoSuchMethodError'{0x0000000620fa70e8}: 'void java.lang.invoke.DirectMethodHandle$Holder.invokeStatic(java.lang.Object, java.lang.Object, int)'> (0x0000000620fa70e8) 
thrown [s\src\hotspot\share\interpreter\linkResolver.cpp, line 771]
Event: 0.696 Thread 0x000002c2709f06f0 Exception <a 'java/lang/NoSuchMethodError'{0x0000000620a9df90}: 'void java.lang.invoke.DirectMethodHandle$Holder.invokeInterface(java.lang.Object, java.lang.Object, java.lang.Object)'> (0x0000000620a9df90) 
thrown [s\src\hotspot\share\interpreter\linkResolver.cpp, line 771]
Event: 0.697 Thread 0x000002c2709f06f0 Exception <a 'java/lang/NoSuchMethodError'{0x0000000620ab4478}: 'int java.lang.invoke.DirectMethodHandle$Holder.invokeStaticInit(java.lang.Object, int, int)'> (0x0000000620ab4478) 
thrown [s\src\hotspot\share\interpreter\linkResolver.cpp, line 771]
Event: 0.701 Thread 0x000002c2709f06f0 Exception <a 'java/lang/NoSuchMethodError'{0x0000000620af78f0}: 'void java.lang.invoke.DirectMethodHandle$Holder.invokeVirtual(java.lang.Object, java.lang.Object)'> (0x0000000620af78f0) 
thrown [s\src\hotspot\share\interpreter\linkResolver.cpp, line 771]
Event: 0.747 Thread 0x000002c2709f06f0 Exception <a 'java/lang/NoSuchMethodError'{0x000000062044b320}: 'void java.lang.invoke.DirectMethodHandle$Holder.invokeInterface(java.lang.Object, java.lang.Object)'> (0x000000062044b320) 
thrown [s\src\hotspot\share\interpreter\linkResolver.cpp, line 771]
Event: 0.779 Thread 0x000002c2709f06f0 Exception <a 'java/lang/NoSuchMethodError'{0x00000006204cc0e0}: 'void java.lang.invoke.DirectMethodHandle$Holder.invokeStatic(java.lang.Object, java.lang.Object, java.lang.Object, java.lang.Object)'> (0x00000006204cc0e0) 
thrown [s\src\hotspot\share\interpreter\linkResolver.cpp, line 771]

VM Operations (8 events):
Event: 0.180 Executing VM operation: HandshakeAllThreads
Event: 0.180 Executing VM operation: HandshakeAllThreads done
Event: 0.202 Executing VM operation: HandshakeAllThreads
Event: 0.202 Executing VM operation: HandshakeAllThreads done
Event: 0.345 Executing VM operation: HandshakeAllThreads
Event: 0.345 Executing VM operation: HandshakeAllThreads done
Event: 0.576 Executing VM operation: HandshakeAllThreads
Event: 0.576 Executing VM operation: HandshakeAllThreads done

Events (20 events):
Event: 0.776 loading class sun/security/ssl/Finished$T13VerifyDataGenerator
Event: 0.776 loading class sun/security/ssl/Finished$T13VerifyDataGenerator done
Event: 0.776 loading class sun/security/ssl/Finished$1
Event: 0.776 loading class sun/security/ssl/Finished$1 done
Event: 0.776 loading class sun/security/ssl/SSLBasicKeyDerivation
Event: 0.777 loading class sun/security/ssl/SSLBasicKeyDerivation done
Event: 0.777 loading class sun/security/ssl/SSLBasicKeyDerivation$SecretSizeSpec
Event: 0.777 loading class sun/security/ssl/SSLBasicKeyDerivation$SecretSizeSpec done
Event: 0.778 loading class jdk/internal/event/TLSHandshakeEvent
Event: 0.778 loading class jdk/internal/event/TLSHandshakeEvent done
Event: 0.778 loading class com/sun/crypto/provider/GaloisCounterMode$GCMEncrypt
Event: 0.778 loading class com/sun/crypto/provider/GaloisCounterMode$GCMEncrypt done
Event: 0.778 loading class com/sun/crypto/provider/GaloisCounterMode$GCTRGHASH
Event: 0.778 loading class com/sun/crypto/provider/GaloisCounterMode$GCTRGHASH done
Event: 0.779 loading class sun/security/ssl/CipherSuite$1
Event: 0.779 loading class sun/security/ssl/CipherSuite$1 done
Event: 0.780 loading class java/util/concurrent/CompletionException
Event: 0.780 loading class java/util/concurrent/CompletionException done
Event: 0.789 loading class java/net/ProtocolException
Event: 0.789 loading class java/net/ProtocolException done


Dynamic libraries:
0x00007ff651c50000 - 0x00007ff651c5a000 	C:\Program Files\JetBrains\PhpStorm 2023.1.4\jbr\bin\java.exe
0x00007ffa44250000 - 0x00007ffa44467000 	C:\Windows\SYSTEM32\ntdll.dll
0x00007ffa428c0000 - 0x00007ffa42984000 	C:\Windows\System32\KERNEL32.DLL
0x00007ffa41890000 - 0x00007ffa41c3c000 	C:\Windows\System32\KERNELBASE.dll
0x00007ffa41c70000 - 0x00007ffa41d81000 	C:\Windows\System32\ucrtbase.dll
0x00007ffa179a0000 - 0x00007ffa179b7000 	C:\Program Files\JetBrains\PhpStorm 2023.1.4\jbr\bin\jli.dll
0x00007ffa3e000000 - 0x00007ffa3e01b000 	C:\Program Files\JetBrains\PhpStorm 2023.1.4\jbr\bin\VCRUNTIME140.dll
0x00007ffa424b0000 - 0x00007ffa4265e000 	C:\Windows\System32\USER32.dll
0x00007ffa41ea0000 - 0x00007ffa41ec6000 	C:\Windows\System32\win32u.dll
0x00007ffa31510000 - 0x00007ffa317a3000 	C:\Windows\WinSxS\amd64_microsoft.windows.common-controls_6595b64144ccf1df_6.0.22621.3672_none_2713b9d173822955\COMCTL32.dll
0x00007ffa43a30000 - 0x00007ffa43a59000 	C:\Windows\System32\GDI32.dll
0x00007ffa44140000 - 0x00007ffa441e7000 	C:\Windows\System32\msvcrt.dll
0x00007ffa41600000 - 0x00007ffa41719000 	C:\Windows\System32\gdi32full.dll
0x00007ffa41e00000 - 0x00007ffa41e9a000 	C:\Windows\System32\msvcp_win.dll
0x00007ffa43ed0000 - 0x00007ffa43f01000 	C:\Windows\System32\IMM32.DLL
0x00007ffa3e6c0000 - 0x00007ffa3e6cc000 	C:\Program Files\JetBrains\PhpStorm 2023.1.4\jbr\bin\vcruntime140_1.dll
0x00007ffa25260000 - 0x00007ffa252ed000 	C:\Program Files\JetBrains\PhpStorm 2023.1.4\jbr\bin\msvcp140.dll
0x00007ff9b1120000 - 0x00007ff9b1da3000 	C:\Program Files\JetBrains\PhpStorm 2023.1.4\jbr\bin\server\jvm.dll
0x00007ffa423e0000 - 0x00007ffa42492000 	C:\Windows\System32\ADVAPI32.dll
0x00007ffa432b0000 - 0x00007ffa4335a000 	C:\Windows\System32\sechost.dll
0x00007ffa41c40000 - 0x00007ffa41c68000 	C:\Windows\System32\bcrypt.dll
0x00007ffa43f20000 - 0x00007ffa44035000 	C:\Windows\System32\RPCRT4.dll
0x00007ffa41290000 - 0x00007ffa412dd000 	C:\Windows\SYSTEM32\POWRPROF.dll
0x00007ffa36310000 - 0x00007ffa36344000 	C:\Windows\SYSTEM32\WINMM.dll
0x00007ffa2b410000 - 0x00007ffa2b419000 	C:\Windows\SYSTEM32\WSOCK32.dll
0x00007ffa39040000 - 0x00007ffa3904a000 	C:\Windows\SYSTEM32\VERSION.dll
0x00007ffa41f90000 - 0x00007ffa42001000 	C:\Windows\System32\WS2_32.dll
0x00007ffa41020000 - 0x00007ffa41033000 	C:\Windows\SYSTEM32\UMPDC.dll
0x00007ffa40570000 - 0x00007ffa40588000 	C:\Windows\SYSTEM32\kernel.appcore.dll
0x00007ffa24390000 - 0x00007ffa2439a000 	C:\Program Files\JetBrains\PhpStorm 2023.1.4\jbr\bin\jimage.dll
0x00007ffa38870000 - 0x00007ffa38aa2000 	C:\Windows\SYSTEM32\DBGHELP.DLL
0x00007ffa43b40000 - 0x00007ffa43ec8000 	C:\Windows\System32\combase.dll
0x00007ffa43950000 - 0x00007ffa43a27000 	C:\Windows\System32\OLEAUT32.dll
0x00007ffa386e0000 - 0x00007ffa38712000 	C:\Windows\SYSTEM32\dbgcore.DLL
0x00007ffa41580000 - 0x00007ffa415fb000 	C:\Windows\System32\bcryptPrimitives.dll
0x00007ffa176d0000 - 0x00007ffa176f5000 	C:\Program Files\JetBrains\PhpStorm 2023.1.4\jbr\bin\java.dll
0x00007ffa176b0000 - 0x00007ffa176c8000 	C:\Program Files\JetBrains\PhpStorm 2023.1.4\jbr\bin\zip.dll
0x00007ffa42a50000 - 0x00007ffa432ac000 	C:\Windows\System32\SHELL32.dll
0x00007ffa3f480000 - 0x00007ffa3fd77000 	C:\Windows\SYSTEM32\windows.storage.dll
0x00007ffa3f340000 - 0x00007ffa3f47f000 	C:\Windows\SYSTEM32\wintypes.dll
0x00007ffa44040000 - 0x00007ffa44134000 	C:\Windows\System32\SHCORE.dll
0x00007ffa43ae0000 - 0x00007ffa43b3e000 	C:\Windows\System32\shlwapi.dll
0x00007ffa414b0000 - 0x00007ffa414d1000 	C:\Windows\SYSTEM32\profapi.dll
0x00007ffa17690000 - 0x00007ffa176a9000 	C:\Program Files\JetBrains\PhpStorm 2023.1.4\jbr\bin\net.dll
0x00007ffa3b940000 - 0x00007ffa3ba76000 	C:\Windows\SYSTEM32\WINHTTP.dll
0x00007ffa409d0000 - 0x00007ffa40a39000 	C:\Windows\system32\mswsock.dll
0x00007ffa17630000 - 0x00007ffa17646000 	C:\Program Files\JetBrains\PhpStorm 2023.1.4\jbr\bin\nio.dll
0x00007ffa40d20000 - 0x00007ffa40d3b000 	C:\Windows\SYSTEM32\CRYPTSP.dll
0x00007ffa404d0000 - 0x00007ffa40505000 	C:\Windows\system32\rsaenh.dll
0x00007ffa40a70000 - 0x00007ffa40a98000 	C:\Windows\SYSTEM32\USERENV.dll
0x00007ffa40d00000 - 0x00007ffa40d0c000 	C:\Windows\SYSTEM32\CRYPTBASE.dll
0x00007ffa40020000 - 0x00007ffa4004d000 	C:\Windows\SYSTEM32\IPHLPAPI.DLL
0x00007ffa43930000 - 0x00007ffa43939000 	C:\Windows\System32\NSI.dll
0x00007ffa3bad0000 - 0x00007ffa3bae9000 	C:\Windows\SYSTEM32\dhcpcsvc6.DLL
0x00007ffa3b440000 - 0x00007ffa3b45f000 	C:\Windows\SYSTEM32\dhcpcsvc.DLL
0x00007ffa40050000 - 0x00007ffa40148000 	C:\Windows\SYSTEM32\DNSAPI.dll
0x00007ffa17460000 - 0x00007ffa1746e000 	C:\Program Files\JetBrains\PhpStorm 2023.1.4\jbr\bin\sunmscapi.dll
0x00007ffa41720000 - 0x00007ffa41887000 	C:\Windows\System32\CRYPT32.dll
0x00007ffa40eb0000 - 0x00007ffa40ede000 	C:\Windows\SYSTEM32\ncrypt.dll
0x00007ffa40e70000 - 0x00007ffa40ea7000 	C:\Windows\SYSTEM32\NTASN1.dll
0x00007ffa18400000 - 0x00007ffa18408000 	C:\Windows\system32\wshunix.dll
0x00007ffa17450000 - 0x00007ffa17459000 	C:\Program Files\JetBrains\PhpStorm 2023.1.4\jbr\bin\extnet.dll

dbghelp: loaded successfully - version: 4.0.5 - missing functions: none
symbol engine: initialized successfully - sym options: 0x614 - pdb path: .;C:\Program Files\JetBrains\PhpStorm 2023.1.4\jbr\bin;C:\Windows\SYSTEM32;C:\Windows\WinSxS\amd64_microsoft.windows.common-controls_6595b64144ccf1df_6.0.22621.3672_none_2713b9d173822955;C:\Program Files\JetBrains\PhpStorm 2023.1.4\jbr\bin\server

VM Arguments:
java_command: externalApp.nativessh.NativeSshAskPassApp Enter passphrase for key '/home/qwerty/.ssh/id_rsa': 
java_class_path (initial): C:/Program Files/JetBrains/PhpStorm 2023.1.4/lib/externalProcess-rt.jar
Launcher Type: SUN_STANDARD

[Global flags]
     intx CICompilerCount                          = 4                                         {product} {ergonomic}
     uint ConcGCThreads                            = 2                                         {product} {ergonomic}
     uint G1ConcRefinementThreads                  = 8                                         {product} {ergonomic}
   size_t G1HeapRegionSize                         = 4194304                                   {product} {ergonomic}
    uintx GCDrainStackTargetSize                   = 64                                        {product} {ergonomic}
   size_t InitialHeapSize                          = 536870912                                 {product} {ergonomic}
   size_t MarkStackSize                            = 4194304                                   {product} {ergonomic}
   size_t MaxHeapSize                              = 8568963072                                {product} {ergonomic}
   size_t MaxNewSize                               = 5138022400                                {product} {ergonomic}
   size_t MinHeapDeltaBytes                        = 4194304                                   {product} {ergonomic}
   size_t MinHeapSize                              = 8388608                                   {product} {ergonomic}
    uintx NonNMethodCodeHeapSize                   = 5839372                                {pd product} {ergonomic}
    uintx NonProfiledCodeHeapSize                  = 122909434                              {pd product} {ergonomic}
    uintx ProfiledCodeHeapSize                     = 122909434                              {pd product} {ergonomic}
    uintx ReservedCodeCacheSize                    = 251658240                              {pd product} {ergonomic}
     bool SegmentedCodeCache                       = true                                      {product} {ergonomic}
   size_t SoftMaxHeapSize                          = 8568963072                             {manageable} {ergonomic}
     bool UseCompressedClassPointers               = true                           {product lp64_product} {ergonomic}
     bool UseCompressedOops                        = true                           {product lp64_product} {ergonomic}
     bool UseG1GC                                  = true                                      {product} {ergonomic}
     bool UseLargePagesIndividualAllocation        = false                                  {pd product} {ergonomic}

Logging:
Log output configuration:
 #0: stdout all=warning uptime,level,tags
 #1: stderr all=off uptime,level,tags

Environment Variables:
PATH=C:\Program Files (x86)\VMware\VMware Player\bin\;C:\Program Files (x86)\Common Files\Oracle\Java\javapath;C:\Windows\system32;C:\Windows;C:\Windows\System32\Wbem;C:\Windows\System32\WindowsPowerShell\v1.0\;C:\Windows\System32\OpenSSH\;C:\Program Files\dotnet\;C:\adb;C:\Program Files\NVIDIA Corporation\NVIDIA NvDLISR;C:\Program Files\Docker\Docker\resources\bin;C:\Program Files\nodejs\;C:\Program Files (x86)\NVIDIA Corporation\PhysX\Common;C:\Program Files\Git\cmd;C:\Users\lipat\AppData\Local\Microsoft\WindowsApps;C:\Users\lipat\AppData\Local\Programs\Microsoft VS Code\bin;C:\Program Files\JetBrains\IntelliJ IDEA 2023.1.5\bin;;C:\Program Files\JetBrains\PhpStorm 2023.1.4\bin;;C:\Users\lipat\.dotnet\tools;C:\Program Files\JetBrains\PyCharm 2023.3.2\bin;;C:\Users\lipat\AppData\Roaming\npm;C:\Program Files\JetBrains\JetBrains Rider 2024.1.2\bin;;C:\Users\lipat\AppData\Local\GitHubDesktop\bin
USERNAME=lipat
OS=Windows_NT
PROCESSOR_IDENTIFIER=Intel64 Family 6 Model 158 Stepping 13, GenuineIntel
TMP=C:\Users\lipat\AppData\Local\Temp
TEMP=C:\Users\lipat\AppData\Local\Temp



Periodic native trim disabled

JNI global refs:
JNI global refs: 20, weak refs: 0

JNI global refs memory usage: 843, weak refs: 841

Process memory usage:
Resident Set Size: 73644K (0% of 33467580K total physical memory with 15779448K free physical memory)

OOME stack traces (most recent first):
Classloader memory used:
